2023-04-02T02:44:21+00:00 CRITICAL Uncaught Error: Call to undefined function the_bio() in C:\xampp\htdocs\WP\wp-content\themes\project\functions.php:702
Stack trace:
#0 C:\xampp\htdocs\WP\wp-includes\shortcodes.php(355): news_shortcode('', '', 'news')
#1 [internal function]: do_shortcode_tag(Array)
#2 C:\xampp\htdocs\WP\wp-includes\shortcodes.php(227): preg_replace_callback('/\\[(\\[?)(news)(...', 'do_shortcode_ta...', '<p>SimcoeCell i...')
#3 C:\xampp\htdocs\WP\wp-includes\class-wp-hook.php(308): do_shortcode('<p>SimcoeCell i...')
#4 C:\xampp\htdocs\WP\wp-includes\plugin.php(205): WP_Hook->apply_filters('<p>SimcoeCell i...', Array)
#5 C:\xampp\htdocs\WP\wp-content\plugins\advanced-custom-fields\includes\fields\class-acf-field-wysiwyg.php(426): apply_filters('acf_the_content', 'SimcoeCell is y...')
#6 C:\xampp\htdocs\WP\wp-includes\class-wp-hook.php(308): acf_field_wysiwyg->format_value('SimcoeCell is y...', 81, Array)
#7 C:\xampp\htdocs\WP\wp-includes\plugin.php(256): WP_Hook->apply_filters('SimcoeCell is y...', Array)
#8 C:\xampp\htdocs\WP\wp-content\plugins\advanced-custom-fields\includes\acf-hook-functions.php(109): apply_filters_ref_array('acf/format_valu...', Array)
#9 C:\xampp\htdocs\WP\wp-includes\class-wp-hook.php(308): _acf_apply_hook_variations('SimcoeCell is y...', 81, Array)
#10 C:\xampp\htdocs\WP\wp-includes\plugin.php(205): WP_Hook->apply_filters('SimcoeCell is y...', Array)
#11 C:\xampp\htdocs\WP\wp-content\plugins\advanced-custom-fields\includes\acf-value-functions.php(172): apply_filters('acf/format_valu...', 'SimcoeCell is y...', 81, Array)
#12 C:\xampp\htdocs\WP\wp-content\plugins\advanced-custom-fields\includes\api\api-template.php(51): acf_format_value('SimcoeCell is y...', 81, Array)
#13 C:\xampp\htdocs\WP\wp-content\plugins\advanced-custom-fields\includes\api\api-template.php(71): get_field('row_one_content', 81, true)
#14 C:\xampp\htdocs\WP\wp-content\themes\project\homepageProject-template.php(19): the_field('row_one_content')
#15 C:\xampp\htdocs\WP\wp-includes\template-loader.php(106): include('C:\\xampp\\htdocs...')
#16 C:\xampp\htdocs\WP\wp-blog-header.php(19): require_once('C:\\xampp\\htdocs...')
#17 C:\xampp\htdocs\WP\index.php(17): require('C:\\xampp\\htdocs...')
#18 {main}
  thrown in C:\xampp\htdocs\WP\wp-content\themes\project\functions.php on line 702

